{
  "stats": {
    "suites": 1,
    "tests": 3,
    "passes": 3,
    "pending": 0,
    "failures": 0,
    "start": "2017-04-30T09:30:55.852Z",
    "end": "2017-04-30T09:30:55.929Z",
    "duration": 77,
    "testsRegistered": 3,
    "passPercent": 100,
    "pendingPercent": 0,
    "other": 0,
    "hasOther": false,
    "skipped": 0,
    "hasSkipped": false,
    "passPercentClass": "success",
    "pendingPercentClass": "danger"
  },
  "suites": {
    "title": "",
    "suites": [
      {
        "title": "路由请求是否成功",
        "suites": [],
        "tests": [
          {
            "title": "获取一本书",
            "fullTitle": "路由请求是否成功 获取一本书",
            "timedOut": false,
            "duration": 13,
            "state": "passed",
            "speed": "fast",
            "pass": true,
            "fail": false,
            "pending": false,
            "code": "agent\n.get('/api/book?bookId=VgkgoeqrBVGcjBCM')\n.expect(200)\n.then((res) => console.log(res))",
            "err": {},
            "isRoot": false,
            "uuid": "b464aa97-ffcf-4c0e-a63f-c9eba67caac9",
            "parentUUID": "d0dd525b-f85d-41be-9106-c5e4f8ec9c19",
            "skipped": false
          },
          {
            "title": "获取一个用户的书",
            "fullTitle": "路由请求是否成功 获取一个用户的书",
            "timedOut": false,
            "duration": 2,
            "state": "passed",
            "speed": "fast",
            "pass": true,
            "fail": false,
            "pending": false,
            "code": "agent\n.get('/api/books/user/5JUxBOpO7iP7qFhR')\n.expect(200)\n.then(res => console.log(res))",
            "err": {},
            "isRoot": false,
            "uuid": "8f0c1f77-2fee-496e-91aa-a36c1e7d086f",
            "parentUUID": "d0dd525b-f85d-41be-9106-c5e4f8ec9c19",
            "skipped": false
          },
          {
            "title": "获取用户的信息",
            "fullTitle": "路由请求是否成功 获取用户的信息",
            "timedOut": false,
            "duration": 2,
            "state": "passed",
            "speed": "fast",
            "pass": true,
            "fail": false,
            "pending": false,
            "code": "agent\n.get('／api/user-info?userId=5JUxBOpO7iP7qFhR')\n.expect(200)\n.then(res => console.log(res))",
            "err": {},
            "isRoot": false,
            "uuid": "6da5e087-68d8-4808-b735-83850408f44b",
            "parentUUID": "d0dd525b-f85d-41be-9106-c5e4f8ec9c19",
            "skipped": false
          }
        ],
        "pending": [],
        "root": false,
        "_timeout": 2000,
        "file": "/test/http.js",
        "uuid": "d0dd525b-f85d-41be-9106-c5e4f8ec9c19",
        "fullFile": "/Users/solar/Desktop/book-share/test/http.js",
        "passes": [
          {
            "title": "获取一本书",
            "fullTitle": "路由请求是否成功 获取一本书",
            "timedOut": false,
            "duration": 13,
            "state": "passed",
            "speed": "fast",
            "pass": true,
            "fail": false,
            "pending": false,
            "code": "agent\n.get('/api/book?bookId=VgkgoeqrBVGcjBCM')\n.expect(200)\n.then((res) => console.log(res))",
            "err": {},
            "isRoot": false,
            "uuid": "b464aa97-ffcf-4c0e-a63f-c9eba67caac9",
            "parentUUID": "d0dd525b-f85d-41be-9106-c5e4f8ec9c19",
            "skipped": false
          },
          {
            "title": "获取一个用户的书",
            "fullTitle": "路由请求是否成功 获取一个用户的书",
            "timedOut": false,
            "duration": 2,
            "state": "passed",
            "speed": "fast",
            "pass": true,
            "fail": false,
            "pending": false,
            "code": "agent\n.get('/api/books/user/5JUxBOpO7iP7qFhR')\n.expect(200)\n.then(res => console.log(res))",
            "err": {},
            "isRoot": false,
            "uuid": "8f0c1f77-2fee-496e-91aa-a36c1e7d086f",
            "parentUUID": "d0dd525b-f85d-41be-9106-c5e4f8ec9c19",
            "skipped": false
          },
          {
            "title": "获取用户的信息",
            "fullTitle": "路由请求是否成功 获取用户的信息",
            "timedOut": false,
            "duration": 2,
            "state": "passed",
            "speed": "fast",
            "pass": true,
            "fail": false,
            "pending": false,
            "code": "agent\n.get('／api/user-info?userId=5JUxBOpO7iP7qFhR')\n.expect(200)\n.then(res => console.log(res))",
            "err": {},
            "isRoot": false,
            "uuid": "6da5e087-68d8-4808-b735-83850408f44b",
            "parentUUID": "d0dd525b-f85d-41be-9106-c5e4f8ec9c19",
            "skipped": false
          }
        ],
        "failures": [],
        "skipped": [],
        "hasTests": true,
        "hasSuites": false,
        "totalTests": 3,
        "totalPasses": 3,
        "totalFailures": 0,
        "totalPending": 0,
        "totalSkipped": 0,
        "hasPasses": true,
        "hasFailures": false,
        "hasPending": false,
        "hasSkipped": false,
        "duration": 17,
        "rootEmpty": false
      }
    ],
    "tests": [],
    "pending": [],
    "root": true,
    "_timeout": 2000,
    "uuid": "0488a3eb-0ff0-47cb-a205-f7c6c13a138c",
    "fullFile": "",
    "file": "",
    "passes": [],
    "failures": [],
    "skipped": [],
    "hasTests": false,
    "hasSuites": true,
    "totalTests": 0,
    "totalPasses": 0,
    "totalFailures": 0,
    "totalPending": 0,
    "totalSkipped": 0,
    "hasPasses": false,
    "hasFailures": false,
    "hasPending": false,
    "hasSkipped": false,
    "duration": 0,
    "rootEmpty": true
  },
  "allTests": [
    {
      "title": "获取一本书",
      "fullTitle": "路由请求是否成功 获取一本书",
      "timedOut": false,
      "duration": 13,
      "state": "passed",
      "speed": "fast",
      "pass": true,
      "fail": false,
      "pending": false,
      "code": "agent\n.get('/api/book?bookId=VgkgoeqrBVGcjBCM')\n.expect(200)\n.then((res) => console.log(res))",
      "err": {},
      "isRoot": false,
      "uuid": "b464aa97-ffcf-4c0e-a63f-c9eba67caac9",
      "parentUUID": "d0dd525b-f85d-41be-9106-c5e4f8ec9c19",
      "skipped": false
    },
    {
      "title": "获取一个用户的书",
      "fullTitle": "路由请求是否成功 获取一个用户的书",
      "timedOut": false,
      "duration": 2,
      "state": "passed",
      "speed": "fast",
      "pass": true,
      "fail": false,
      "pending": false,
      "code": "agent\n.get('/api/books/user/5JUxBOpO7iP7qFhR')\n.expect(200)\n.then(res => console.log(res))",
      "err": {},
      "isRoot": false,
      "uuid": "8f0c1f77-2fee-496e-91aa-a36c1e7d086f",
      "parentUUID": "d0dd525b-f85d-41be-9106-c5e4f8ec9c19",
      "skipped": false
    },
    {
      "title": "获取用户的信息",
      "fullTitle": "路由请求是否成功 获取用户的信息",
      "timedOut": false,
      "duration": 2,
      "state": "passed",
      "speed": "fast",
      "pass": true,
      "fail": false,
      "pending": false,
      "code": "agent\n.get('／api/user-info?userId=5JUxBOpO7iP7qFhR')\n.expect(200)\n.then(res => console.log(res))",
      "err": {},
      "isRoot": false,
      "uuid": "6da5e087-68d8-4808-b735-83850408f44b",
      "parentUUID": "d0dd525b-f85d-41be-9106-c5e4f8ec9c19",
      "skipped": false
    }
  ],
  "allPending": [],
  "allPasses": [
    {
      "title": "获取一本书",
      "fullTitle": "路由请求是否成功 获取一本书",
      "timedOut": false,
      "duration": 13,
      "state": "passed",
      "speed": "fast",
      "pass": true,
      "fail": false,
      "pending": false,
      "code": "agent\n.get('/api/book?bookId=VgkgoeqrBVGcjBCM')\n.expect(200)\n.then((res) => console.log(res))",
      "err": {},
      "isRoot": false,
      "uuid": "b464aa97-ffcf-4c0e-a63f-c9eba67caac9",
      "parentUUID": "d0dd525b-f85d-41be-9106-c5e4f8ec9c19",
      "skipped": false
    },
    {
      "title": "获取一个用户的书",
      "fullTitle": "路由请求是否成功 获取一个用户的书",
      "timedOut": false,
      "duration": 2,
      "state": "passed",
      "speed": "fast",
      "pass": true,
      "fail": false,
      "pending": false,
      "code": "agent\n.get('/api/books/user/5JUxBOpO7iP7qFhR')\n.expect(200)\n.then(res => console.log(res))",
      "err": {},
      "isRoot": false,
      "uuid": "8f0c1f77-2fee-496e-91aa-a36c1e7d086f",
      "parentUUID": "d0dd525b-f85d-41be-9106-c5e4f8ec9c19",
      "skipped": false
    },
    {
      "title": "获取用户的信息",
      "fullTitle": "路由请求是否成功 获取用户的信息",
      "timedOut": false,
      "duration": 2,
      "state": "passed",
      "speed": "fast",
      "pass": true,
      "fail": false,
      "pending": false,
      "code": "agent\n.get('／api/user-info?userId=5JUxBOpO7iP7qFhR')\n.expect(200)\n.then(res => console.log(res))",
      "err": {},
      "isRoot": false,
      "uuid": "6da5e087-68d8-4808-b735-83850408f44b",
      "parentUUID": "d0dd525b-f85d-41be-9106-c5e4f8ec9c19",
      "skipped": false
    }
  ],
  "allFailures": [],
  "copyrightYear": 2017
}